<?xml version="1.0" encoding="UTF-8"?>
<testsuite xmlns:xsi="http://www.w3.org/2001/XMLSchema-instance" xsi:noNamespaceSchemaLocation="https://maven.apache.org/surefire/maven-surefire-plugin/xsd/surefire-test-report.xsd" name="TestSuite" time="14.396" tests="3" errors="0" skipped="0" failures="0">
  <properties>
[...]
</properties>
  <testcase name="createUser" classname="tests.CreateUserTest" time="6.285"/>
  <testcase name="createUser" classname="tests.CreateUserTest" time="1.833"/>
  <testcase name="createUser" classname="tests.CreateUserTest" time="2.716"/>
</testsuite>