<?xml version="1.0" encoding="UTF-8"?>
<!-- Generated by org.testng.reporters.JUnitXMLReporter -->
<testsuite ignored="0" hostname="DESKTOP-4K2IFQ7" failures="0" tests="3" name="Go Rest API Create User Test" time="12.616" errors="0" timestamp="2024-02-28T18:42:00 IST">
  <testcase classname="tests.CreateUserTest" name="createUser" time="6.28"/>
  <testcase classname="tests.CreateUserTest" name="createUser" time="1.834"/>
  <testcase classname="tests.CreateUserTest" name="createUser" time="2.716"/>
</testsuite> <!-- Go Rest API Create User Test -->
