<?xml version="1.0" encoding="UTF-8"?>
<testng-results ignored="0" total="3" passed="3" failed="0" skipped="0">
  <reporter-output>
  </reporter-output>
  <suite started-at="2024-02-27T10:13:18 IST" name="API Regression Suite" finished-at="2024-02-27T10:13:25 IST" duration-ms="7234">
    <groups>
    </groups>
    <test started-at="2024-02-27T10:13:18 IST" name="Go Rest API Test" finished-at="2024-02-27T10:13:25 IST" duration-ms="7234">
      <class name="tests.GetUserTest">
        <test-method is-config="true" signature="setup(java.lang.String)[pri:0, instance:tests.GetUserTest@18c5069b]" started-at="2024-02-27T10:13:18 IST" name="setup" finished-at="2024-02-27T10:13:19 IST" duration-ms="675" status="PASS">
          <params>
            <param index="0">
              <value>
                <![CDATA[https://gorest.co.in]]>
              </value>
            </param>
          </params>
          <reporter-output>
          </reporter-output>
        </test-method> <!-- setup -->
        <test-method is-config="true" signature="create()[pri:0, instance:tests.GetUserTest@18c5069b]" started-at="2024-02-27T10:13:19 IST" name="create" finished-at="2024-02-27T10:13:19 IST" duration-ms="143" status="PASS">
          <reporter-output>
          </reporter-output>
        </test-method> <!-- create -->
        <test-method signature="getSPecificUser_WithQueryParam()[pri:1, instance:tests.GetUserTest@18c5069b]" started-at="2024-02-27T10:13:19 IST" name="getSPecificUser_WithQueryParam" finished-at="2024-02-27T10:13:22 IST" duration-ms="3091" status="PASS">
          <reporter-output>
          </reporter-output>
        </test-method> <!-- getSPecificUser_WithQueryParam -->
        <test-method is-config="true" signature="create()[pri:0, instance:tests.GetUserTest@18c5069b]" started-at="2024-02-27T10:13:22 IST" name="create" finished-at="2024-02-27T10:13:22 IST" duration-ms="1" status="PASS">
          <reporter-output>
          </reporter-output>
        </test-method> <!-- create -->
        <test-method signature="getSpecificUser()[pri:2, instance:tests.GetUserTest@18c5069b]" started-at="2024-02-27T10:13:22 IST" name="getSpecificUser" finished-at="2024-02-27T10:13:24 IST" duration-ms="2002" status="PASS">
          <reporter-output>
          </reporter-output>
        </test-method> <!-- getSpecificUser -->
        <test-method is-config="true" signature="create()[pri:0, instance:tests.GetUserTest@18c5069b]" started-at="2024-02-27T10:13:24 IST" name="create" finished-at="2024-02-27T10:13:24 IST" duration-ms="1" status="PASS">
          <reporter-output>
          </reporter-output>
        </test-method> <!-- create -->
        <test-method signature="getAllUsers()[pri:3, instance:tests.GetUserTest@18c5069b]" started-at="2024-02-27T10:13:24 IST" name="getAllUsers" finished-at="2024-02-27T10:13:25 IST" duration-ms="1137" status="PASS">
          <reporter-output>
          </reporter-output>
        </test-method> <!-- getAllUsers -->
      </class> <!-- tests.GetUserTest -->
    </test> <!-- Go Rest API Test -->
  </suite> <!-- API Regression Suite -->
</testng-results>
