<?xml version="1.0" encoding="UTF-8"?>
<testng-results ignored="0" total="3" passed="3" failed="0" skipped="0">
  <reporter-output>
  </reporter-output>
  <suite started-at="2024-02-27T18:43:05 IST" name="API Regression Suite" finished-at="2024-02-27T18:43:17 IST" duration-ms="11505">
    <groups>
    </groups>
    <test started-at="2024-02-27T18:43:05 IST" name="Go Rest API Create User Test" finished-at="2024-02-27T18:43:17 IST" duration-ms="11505">
      <class name="tests.CreateUserTest">
        <test-method is-config="true" signature="setup(java.lang.String)[pri:0, instance:tests.CreateUserTest@68ad99fe]" started-at="2024-02-27T18:43:05 IST" name="setup" finished-at="2024-02-27T18:43:06 IST" duration-ms="644" status="PASS">
          <params>
            <param index="0">
              <value>
                <![CDATA[https://gorest.co.in]]>
              </value>
            </param>
          </params>
          <reporter-output>
          </reporter-output>
        </test-method> <!-- setup -->
        <test-method is-config="true" signature="createObject()[pri:0, instance:tests.CreateUserTest@68ad99fe]" started-at="2024-02-27T18:43:06 IST" name="createObject" finished-at="2024-02-27T18:43:06 IST" duration-ms="153" status="PASS">
          <reporter-output>
          </reporter-output>
        </test-method> <!-- createObject -->
        <test-method signature="createUser(java.lang.String, java.lang.String, java.lang.String)[pri:0, instance:tests.CreateUserTest@68ad99fe]" started-at="2024-02-27T18:43:06 IST" name="createUser" data-provider="getUserData" finished-at="2024-02-27T18:43:12 IST" duration-ms="5630" status="PASS">
          <params>
            <param index="0">
              <value>
                <![CDATA[rithika]]>
              </value>
            </param>
            <param index="1">
              <value>
                <![CDATA[female]]>
              </value>
            </param>
            <param index="2">
              <value>
                <![CDATA[active]]>
              </value>
            </param>
          </params>
          <reporter-output>
          </reporter-output>
        </test-method> <!-- createUser -->
        <test-method is-config="true" signature="createObject()[pri:0, instance:tests.CreateUserTest@68ad99fe]" started-at="2024-02-27T18:43:12 IST" name="createObject" finished-at="2024-02-27T18:43:12 IST" duration-ms="2" status="PASS">
          <reporter-output>
          </reporter-output>
        </test-method> <!-- createObject -->
        <test-method signature="createUser(java.lang.String, java.lang.String, java.lang.String)[pri:0, instance:tests.CreateUserTest@68ad99fe]" started-at="2024-02-27T18:43:12 IST" name="createUser" data-provider="getUserData" finished-at="2024-02-27T18:43:14 IST" duration-ms="2526" status="PASS">
          <params>
            <param index="0">
              <value>
                <![CDATA[rajat]]>
              </value>
            </param>
            <param index="1">
              <value>
                <![CDATA[male]]>
              </value>
            </param>
            <param index="2">
              <value>
                <![CDATA[active]]>
              </value>
            </param>
          </params>
          <reporter-output>
          </reporter-output>
        </test-method> <!-- createUser -->
        <test-method is-config="true" signature="createObject()[pri:0, instance:tests.CreateUserTest@68ad99fe]" started-at="2024-02-27T18:43:14 IST" name="createObject" finished-at="2024-02-27T18:43:14 IST" duration-ms="0" status="PASS">
          <reporter-output>
          </reporter-output>
        </test-method> <!-- createObject -->
        <test-method signature="createUser(java.lang.String, java.lang.String, java.lang.String)[pri:0, instance:tests.CreateUserTest@68ad99fe]" started-at="2024-02-27T18:43:14 IST" name="createUser" data-provider="getUserData" finished-at="2024-02-27T18:43:17 IST" duration-ms="2355" status="PASS">
          <params>
            <param index="0">
              <value>
                <![CDATA[rahul]]>
              </value>
            </param>
            <param index="1">
              <value>
                <![CDATA[male]]>
              </value>
            </param>
            <param index="2">
              <value>
                <![CDATA[active]]>
              </value>
            </param>
          </params>
          <reporter-output>
          </reporter-output>
        </test-method> <!-- createUser -->
      </class> <!-- tests.CreateUserTest -->
    </test> <!-- Go Rest API Create User Test -->
  </suite> <!-- API Regression Suite -->
</testng-results>
