<?xml version="1.0" encoding="UTF-8"?>
<!-- Generated by org.testng.reporters.JUnitXMLReporter -->
<testsuite ignored="0" hostname="DESKTOP-4K2IFQ7" failures="0" tests="3" name="Go Rest API Create User Test" time="11.505" errors="0" timestamp="2024-02-27T18:43:17 IST">
  <testcase classname="tests.CreateUserTest" name="createUser" time="5.63"/>
  <testcase classname="tests.CreateUserTest" name="createUser" time="2.526"/>
  <testcase classname="tests.CreateUserTest" name="createUser" time="2.355"/>
</testsuite> <!-- Go Rest API Create User Test -->
