<?xml version="1.0" encoding="UTF-8"?>
<!-- Generated by org.testng.reporters.JUnitXMLReporter -->
<testsuite ignored="0" hostname="DESKTOP-4K2IFQ7" failures="0" tests="3" name="Go Rest API Test" time="7.592" errors="0" timestamp="2024-02-27T18:30:13 IST">
  <testcase classname="tests.GetUserTest" name="getSPecificUser_WithQueryParam" time="3.136"/>
  <testcase classname="tests.GetUserTest" name="getSpecificUser" time="1.835"/>
  <testcase classname="tests.GetUserTest" name="getAllUsers" time="1.636"/>
</testsuite> <!-- Go Rest API Test -->
